<?xml version="1.0" encoding="UTF-8"?>
<testsuite name="org.kj.blackjack.player.SafePlayBotTest" tests="6" skipped="0" failures="0" errors="0" timestamp="2018-09-02T00:59:24" hostname="LAPTOP-309BFLNV" time="0.003">
  <properties/>
  <testcase name="testChancesOfBustWithSumUnderTarget" classname="org.kj.blackjack.player.SafePlayBotTest" time="0.001"/>
  <testcase name="testPlayTurnWithSumEqualsTarget" classname="org.kj.blackjack.player.SafePlayBotTest" time="0.001"/>
  <testcase name="testPlayTurnWithEmptyHand" classname="org.kj.blackjack.player.SafePlayBotTest" time="0.0"/>
  <testcase name="testChancesOfBustWithEmptyHand" classname="org.kj.blackjack.player.SafePlayBotTest" time="0.0"/>
  <testcase name="testChancesOfBustWithSumEqualsTarget" classname="org.kj.blackjack.player.SafePlayBotTest" time="0.0"/>
  <testcase name="testPlayTurnWithProbabilityThresholdOne" classname="org.kj.blackjack.player.SafePlayBotTest" time="0.0"/>
  <system-out><![CDATA[]]></system-out>
  <system-err><![CDATA[]]></system-err>
</testsuite>
